SF:lib\features\data\entities\api_dto.dart
DA:13,1
DA:14,1
DA:37,1
DA:38,1
LF:4
LH:4
end_of_record

SF:lib\features\domain\models\movie.dart
DA:17,1
DA:18,1
LF:2
LH:2
end_of_record

SF:lib\features\domain\repositories\movies_repository.dart
DA:6,1
DA:10,1
DA:11,2
DA:12,3
DA:13,1
DA:14,2
DA:15,1
DA:16,1
DA:17,1
DA:18,1
DA:19,1
DA:21,1
DA:25,1
DA:26,2
DA:28,3
DA:29,2
DA:30,2
DA:31,1
DA:32,2
DA:33,1
DA:34,1
DA:35,1
DA:36,1
DA:37,1
DA:39,1
LF:25
LH:25
end_of_record
SF:lib\features\presentation\pages\cubit\home_cubit.dart
DA:11,3
DA:16,1
DA:17,2
DA:20,1
DA:21,2
DA:23,2
DA:25,1
DA:26,1
DA:32,1
DA:33,1
DA:35,1
LF:11
LH:11
end_of_record